
Child1 Thread Created

Thread1 Start at Time Stamp:	2139073
a Occurs 41 Times
b Occurs 10 Times
c Occurs 11 Times
d Occurs 23 Times
e Occurs 63 Times
f Occurs 7 Times
g Occurs 13 Times
h Occurs 19 Times
i Occurs 31 Times
j Occurs 0 Times
k Occurs 5 Times
l Occurs 12 Times
m Occurs 20 Times
n Occurs 35 Times
o Occurs 34 Times
p Occurs 11 Times
q Occurs 0 Times
r Occurs 35 Times
s Occurs 35 Times
t Occurs 41 Times
u Occurs 16 Times
v Occurs 6 Times
w Occurs 10 Times
x Occurs 1 Times
y Occurs 6 Times
z Occurs 0 Times

Thread1 Exiting Time Stamp at	12146429

Child2 Thread Created at Time Stamp:	12453476

**********Thread2 Start**********
Thread PID: 2536, Thread ID 2538,POSIX Thread ID: 139888945415936
cpu  8768 260 2470 83690 13408 0 57 0 0 0
cpu0 2343 30 596 19559 4599 0 8 0 0 0
cpu1 2316 168 589 20149 3835 0 45 0 0 0
cpu2 2075 32 716 21228 3112 0 3 0 0 0
cpu3 2032 30 567 22751 1862 0 0 0 0 0
intr 229339 7 103 0 0 0 0 0 0 1 4 0 0 64423 0 0 0 557 5031 0 0 0 0 0 31 0 19440 0 9901 15 1167 0 0 0 0 0 0 0 0 0 0 0 0 0 0 0 0 0 0 0 0 0 0 0 0 0 0 0 0 0 0 0 0 0 0 0 0 0 0 0 0 0 0 0 0 0 0 0 0 0 0 0 0 0 0 0 0 0 0 0 0 0 0 0 0 0 0 0 0 0 0 0 0 0 0 0 0 0 0 0 0 0 0 0 0 0 0 0 0 0 0 0 0 0 0 0 0 0 0 0 0 0 0 0 0 0 0 0 0 0 0 0 0 0 0 0 0 0 0 0 0 0 0 0 0 0 0 0 0 0 0 0 0 0 0 0 0 0 0 0 0 0 0 0 0 0 0 0 0 0 0 0 0 0 0 0 0 0 0 0 0 0 0 0 0 0 0 0 0 0 0 0 0 0 0 0 0 0 0 0 0 0 0 0 0 0 0 0 0 0 0 0 0 0 0 0 0 0 0 0 0 0 0 0 0 0 0 0 0 0 0 0 0 0 0 0 0 0 0 0 0 0 0 0 0 0 0 0 0 0 0 0 0 0 0 0 0 0 0 0 0 0 0 0 0 0 0 0 0 0 0 0 0 0 0 0 0 0 0 0 0 0 0 0 0 0 0 0 0 0 0 0 0 0 0 0 0 0 0 0 0 0 0 0 0 0 0 0 0 0 0 0 0 0 0 0 0 0 0 0 0 0 0 0 0 0 0 0 0 0 0 0 0 0 0 0 0 0 0 0 0 0 0 0 0 0 0 0 0 0 0 0 0 0 0 0 0 0 0 0 0 0 0 0 0 0 0 0 0 0 0 0 0 0 0 0 0 0 0 0 0 0 0 0 0 0 0 0 0 0 0 0 0 0 0 0 0 0 0 0 0 0 0 0 0 0 0 0 0 0 0 0 0 0 0 0 0 0 0 0 0 0 0 0 0 0 0 0 0 0 0 0 0 0 0 0 0 0 0 0 0 0 0 0 0 0 0 0 0 0 0 0 0 0 0 0 0 0 0 0 0 0 0 0 0 0 0 0 0 0 0 0 0 0 0 0 0 0 0
ctxt 626173
btime 1551426162
processes 2544
procs_running 5
procs_blocked 0
softirq 215812 58 67621 5 245 19248 0 5626 59969 0 63040

CPU Start at Time Stamp:	115781788
cpu  8780 260 2470 83716 13408 0 57 0 0 0
cpu0 2353 30 596 19559 4599 0 8 0 0 0
cpu1 2316 168 589 20158 3835 0 45 0 0 0
cpu2 2076 32 717 21237 3112 0 3 0 0 0
cpu3 2033 30 567 22760 1862 0 0 0 0 0
intr 229454 7 104 0 0 0 0 0 0 1 4 0 0 64423 0 0 0 557 5032 0 0 0 0 0 31 0 19440 0 9918 15 1167 0 0 0 0 0 0 0 0 0 0 0 0 0 0 0 0 0 0 0 0 0 0 0 0 0 0 0 0 0 0 0 0 0 0 0 0 0 0 0 0 0 0 0 0 0 0 0 0 0 0 0 0 0 0 0 0 0 0 0 0 0 0 0 0 0 0 0 0 0 0 0 0 0 0 0 0 0 0 0 0 0 0 0 0 0 0 0 0 0 0 0 0 0 0 0 0 0 0 0 0 0 0 0 0 0 0 0 0 0 0 0 0 0 0 0 0 0 0 0 0 0 0 0 0 0 0 0 0 0 0 0 0 0 0 0 0 0 0 0 0 0 0 0 0 0 0 0 0 0 0 0 0 0 0 0 0 0 0 0 0 0 0 0 0 0 0 0 0 0 0 0 0 0 0 0 0 0 0 0 0 0 0 0 0 0 0 0 0 0 0 0 0 0 0 0 0 0 0 0 0 0 0 0 0 0 0 0 0 0 0 0 0 0 0 0 0 0 0 0 0 0 0 0 0 0 0 0 0 0 0 0 0 0 0 0 0 0 0 0 0 0 0 0 0 0 0 0 0 0 0 0 0 0 0 0 0 0 0 0 0 0 0 0 0 0 0 0 0 0 0 0 0 0 0 0 0 0 0 0 0 0 0 0 0 0 0 0 0 0 0 0 0 0 0 0 0 0 0 0 0 0 0 0 0 0 0 0 0 0 0 0 0 0 0 0 0 0 0 0 0 0 0 0 0 0 0 0 0 0 0 0 0 0 0 0 0 0 0 0 0 0 0 0 0 0 0 0 0 0 0 0 0 0 0 0 0 0 0 0 0 0 0 0 0 0 0 0 0 0 0 0 0 0 0 0 0 0 0 0 0 0 0 0 0 0 0 0 0 0 0 0 0 0 0 0 0 0 0 0 0 0 0 0 0 0 0 0 0 0 0 0 0 0 0 0 0 0 0 0 0 0 0 0 0 0 0 0 0 0 0 0 0 0 0 0 0 0 0 0 0 0 0 0 0 0 0 0 0 0 0 0 0 0 0 0 0 0 0
ctxt 626496
btime 1551426162
processes 2544
procs_running 1
procs_blocked 0
softirq 215972 58 67680 5 245 19248 0 5628 60013 0 63095

CPU Start at Time Stamp:	215463939
