Entering Child Thread

Child Enter Timestamp:267559
String recieved by Child from Parent : WORK AND EARN!	String Length: 14
String recieved by Child from Parent : WORK AND EARN!	String Length: 14
String recieved by Child from Parent : WORK AND EARN!	String Length: 14
String recieved by Child from Parent : WORK AND EARN!	String Length: 14
String recieved by Child from Parent : WORK AND EARN!	String Length: 14
String recieved by Child from Parent : WORK AND EARN!	String Length: 14
String recieved by Child from Parent : WORK AND EARN!	String Length: 14
String recieved by Child from Parent : WORK AND EARN!	String Length: 14
String recieved by Child from Parent : WORK AND EARN!	String Length: 14
String recieved by Child from Parent : WORK AND EARN!	String Length: 14
Entering Parent Thread

Parent Enter Timestamp:2231897
String recieved by Parent from Child : PAPA! I NEED MONEY!	String Length: 19

Parent Exit Timestamp:2339732
String recieved by Parent from Child : PAPA! I NEED MONEY!	String Length: 19

Parent Exit Timestamp:2367533
String recieved by Parent from Child : PAPA! I NEED MONEY!	String Length: 19

Parent Exit Timestamp:2393249
String recieved by Parent from Child : PAPA! I NEED MONEY!	String Length: 19

Parent Exit Timestamp:2417651
String recieved by Parent from Child : PAPA! I NEED MONEY!	String Length: 19

Parent Exit Timestamp:2441656
String recieved by Parent from Child : PAPA! I NEED MONEY!	String Length: 19

Parent Exit Timestamp:2466188
String recieved by Parent from Child : PAPA! I NEED MONEY!	String Length: 19

Parent Exit Timestamp:2490612
String recieved by Parent from Child : PAPA! I NEED MONEY!	String Length: 19

Parent Exit Timestamp:2514243
String recieved by Parent from Child : PAPA! I NEED MONEY!	String Length: 19

Parent Exit Timestamp:2538779
String recieved by Parent from Child : PAPA! I NEED MONEY!	String Length: 19

Parent Exit Timestamp:2562619
Entering Child Thread

Child Enter Timestamp:260515
String recieved by Child from Parent : WORK AND EARN!	String Length: 14
String recieved by Child from Parent : WORK AND EARN!	String Length: 14
String recieved by Child from Parent : WORK AND EARN!	String Length: 14
String recieved by Child from Parent : WORK AND EARN!	String Length: 14
String recieved by Child from Parent : WORK AND EARN!	String Length: 14
String recieved by Child from Parent : WORK AND EARN!	String Length: 14
String recieved by Child from Parent : WORK AND EARN!	String Length: 14
String recieved by Child from Parent : WORK AND EARN!	String Length: 14
String recieved by Child from Parent : WORK AND EARN!	String Length: 14
String recieved by Child from Parent : WORK AND EARN!	String Length: 14
Entering Parent Thread

Parent Enter Timestamp:2103140
String recieved by Parent from Child : PAPA! I NEED MONEY!	String Length: 19

Parent Exit Timestamp:2233137
String recieved by Parent from Child : PAPA! I NEED MONEY!	String Length: 19

Parent Exit Timestamp:2255563
String recieved by Parent from Child : PAPA! I NEED MONEY!	String Length: 19

Parent Exit Timestamp:2272531
String recieved by Parent from Child : PAPA! I NEED MONEY!	String Length: 19

Parent Exit Timestamp:2293131
String recieved by Parent from Child : PAPA! I NEED MONEY!	String Length: 19

Parent Exit Timestamp:2315503
String recieved by Parent from Child : PAPA! I NEED MONEY!	String Length: 19

Parent Exit Timestamp:2332357
String recieved by Parent from Child : PAPA! I NEED MONEY!	String Length: 19

Parent Exit Timestamp:2350476
String recieved by Parent from Child : PAPA! I NEED MONEY!	String Length: 19

Parent Exit Timestamp:2366016
String recieved by Parent from Child : PAPA! I NEED MONEY!	String Length: 19

Parent Exit Timestamp:2381270
String recieved by Parent from Child : PAPA! I NEED MONEY!	String Length: 19

Parent Exit Timestamp:2396716
